Version 3.1.0 (windows)
Using Locale: en_US
Fetched the SDK download mirror URL from the CGI.
AIR version 18.0
Flash Player version 18.0
Creating Apache Flex home
Creating temporary directory
Downloading Apache Flex SDK from: http://psg.mtu.edu/pub/apache/flex/4.14.1/binaries/apache-flex-sdk-4.14.1-bin.zip
Verifying Apache Flex SDK MD5 Signature
The Apache Flex SDK MD5 Signature of the downloaded files matches the reference. The file is valid.
Uncompressing: C:\Program Files (x86)\Apache\Flex4.14.1\temp\apache-flex-sdk-4.14.1-bin.zip
Finished uncompressing: C:\Program Files (x86)\Apache\Flex4.14.1\temp\apache-flex-sdk-4.14.1-bin.zip
Downloading Adobe AIR Runtime Kit for Windows from: http://airdownload.adobe.com/air/win/download/18.0//AdobeAIRSDK.zip
Validating download: C:\Program Files (x86)\Apache\Flex4.14.1/in/AdobeAIRSDK.zip
Finished uncompressing: C:\Program Files (x86)\Apache\Flex4.14.1/in/AdobeAIRSDK.zip
Installing Adobe Flash Player playerglobal.swc from: http://download.macromedia.com/get/flashplayer/updaters/18//playerglobal18_0.swc
Validating download: C:\Program Files (x86)\Apache\Flex4.14.1/frameworks/libs/player/18.0/playerglobal.swc
Downloading 2.2.zip from: https://github.com/swfobject/swfobject/archive
Validating download: C:\Program Files (x86)\Apache\Flex4.14.1/in/swfobject_2_2.zip
Download complete
Downloading OSMF2_0.swc?format=raw from: http://sourceforge.net/adobe/flexsdk/code/HEAD/tree/trunk/frameworks/libs
Validating download: C:\Program Files (x86)\Apache\Flex4.14.1/frameworks/libs/osmf.swc
Downloading afe.jar?format=raw from: http://sourceforge.net/adobe/flexsdk/code/HEAD/tree/trunk/lib
Validating download: C:\Program Files (x86)\Apache\Flex4.14.1/lib/external/optional/afe.jar
Downloading aglj40.jar?format=raw from: http://sourceforge.net/adobe/flexsdk/code/HEAD/tree/trunk/lib
Validating download: C:\Program Files (x86)\Apache\Flex4.14.1/lib/external/optional/aglj40.jar
Downloading flex-fontkit.jar?format=raw from: http://sourceforge.net/adobe/flexsdk/code/HEAD/tree/trunk/lib
Validating download: C:\Program Files (x86)\Apache\Flex4.14.1/lib/external/optional/flex-fontkit.jar
Downloading rideau.jar?format=raw from: http://sourceforge.net/adobe/flexsdk/code/HEAD/tree/trunk/lib
Validating download: C:\Program Files (x86)\Apache\Flex4.14.1/lib/external/optional/rideau.jar
Installing frameworks configuration files configured for use with an IDE
C:\Program Files (x86)\Apache\Flex4.14.1 is now an IDE compatible folder
Installation complete
